/*C1*/SET SCHEMA SYSTEM_LOBS
INSERT INTO BLOCKS VALUES(0,2147483647,0)
COMMIT
/*C2*/SET SCHEMA PUBLIC
CREATE TABLE IF NOT EXISTS AL_CONFIGURATION ( PROPERTY_NAME VARCHAR(255) NOT NULL UNIQUE , PROPERTY_VALUE LONGVARCHAR ) 
CREATE TABLE IF NOT EXISTS AL_GROUPS ( GROUP_NAME VARCHAR(255) NOT NULL PRIMARY KEY , DESCRIPTION LONGVARCHAR ) 
CREATE TABLE IF NOT EXISTS AL_TABLES ( TABLE_NAME VARCHAR(255) NOT NULL PRIMARY KEY , GROUP_NAME VARCHAR(255) , DESCRIPTION LONGVARCHAR ) 
CREATE TABLE IF NOT EXISTS AL_CUSTOM_TYPE ( TABLE_NAME VARCHAR(255) , COLUMN_NAME VARCHAR(255) , TYPE VARCHAR(255) , NAME VARCHAR(255) ) 
CREATE TABLE IF NOT EXISTS AL_VIEWS ( VIEW_NAME VARCHAR(255) NOT NULL UNIQUE , VIEW_DEFINITION LONGVARCHAR , IS_VALID BOOLEAN ) 
CREATE TABLE IF NOT EXISTS AL_SELECTED_LOG_OBJECTS ( NAME VARCHAR(255) NOT NULL UNIQUE , TYPE VARCHAR(255) ) 
CREATE TABLE IF NOT EXISTS AL_DB_OBJECTS ( NAME VARCHAR(255) NOT NULL UNIQUE , TYPE VARCHAR(255) , USAGE VARCHAR(255) ) 
INSERT INTO AL_CONFIGURATION VALUES('VERSION','7.2.0')
INSERT INTO AL_SELECTED_LOG_OBJECTS VALUES('agents_log','VIEW')
INSERT INTO AL_SELECTED_LOG_OBJECTS VALUES('library_blocks_log','VIEW')
INSERT INTO AL_SELECTED_LOG_OBJECTS VALUES('agent_parameters_log','VIEW')
INSERT INTO AL_SELECTED_LOG_OBJECTS VALUES('library_block_parameters_log','VIEW')
INSERT INTO AL_SELECTED_LOG_OBJECTS VALUES('agent_movement_log','VIEW')
INSERT INTO AL_SELECTED_LOG_OBJECTS VALUES('agent_movement_stats_log','VIEW')
INSERT INTO AL_SELECTED_LOG_OBJECTS VALUES('agent_messages_log','VIEW')
INSERT INTO AL_SELECTED_LOG_OBJECTS VALUES('events_log','VIEW')
INSERT INTO AL_SELECTED_LOG_OBJECTS VALUES('flowchart_entries_log','VIEW')
INSERT INTO AL_SELECTED_LOG_OBJECTS VALUES('flowchart_process_states_log','VIEW')
INSERT INTO AL_SELECTED_LOG_OBJECTS VALUES('flowchart_stats_time_in_state_log','VIEW')
INSERT INTO AL_SELECTED_LOG_OBJECTS VALUES('resource_unit_states_log','VIEW')
INSERT INTO AL_SELECTED_LOG_OBJECTS VALUES('resource_unit_task_stats_log','VIEW')
INSERT INTO AL_SELECTED_LOG_OBJECTS VALUES('resource_pool_task_stats_log','VIEW')
INSERT INTO AL_SELECTED_LOG_OBJECTS VALUES('resource_pool_utilization_log','VIEW')
INSERT INTO AL_SELECTED_LOG_OBJECTS VALUES('resource_unit_utilization_log','VIEW')
INSERT INTO AL_SELECTED_LOG_OBJECTS VALUES('fluid_units_log','VIEW')
INSERT INTO AL_SELECTED_LOG_OBJECTS VALUES('fluid_storages_log','VIEW')
INSERT INTO AL_SELECTED_LOG_OBJECTS VALUES('fluid_rates_log','VIEW')
INSERT INTO AL_SELECTED_LOG_OBJECTS VALUES('fluid_utilization_log','VIEW')
INSERT INTO AL_SELECTED_LOG_OBJECTS VALUES('statechart_transitions_log','VIEW')
INSERT INTO AL_SELECTED_LOG_OBJECTS VALUES('agent_statechart_states_log','VIEW')
INSERT INTO AL_SELECTED_LOG_OBJECTS VALUES('agent_statechart_stats_log','VIEW')
INSERT INTO AL_SELECTED_LOG_OBJECTS VALUES('agent_type_statechart_stats_log','VIEW')
INSERT INTO AL_SELECTED_LOG_OBJECTS VALUES('statistics_log','VIEW')
INSERT INTO AL_SELECTED_LOG_OBJECTS VALUES('datasets_log','VIEW')
INSERT INTO AL_SELECTED_LOG_OBJECTS VALUES('histograms_log','VIEW')
INSERT INTO AL_SELECTED_LOG_OBJECTS VALUES('trace_log','VIEW')
COMMIT
CREATE TABLE db_table ( al_id INT IDENTITY , db_column DOUBLE NULL ) 
INSERT INTO AL_TABLES VALUES('db_table',NULL,'')
COMMIT
DISCONNECT
/*C3*/SET SCHEMA PUBLIC
ALTER TABLE db_table RENAME TO db_custom_stats 
DELETE FROM AL_TABLES WHERE TABLE_NAME='db_table'
INSERT INTO AL_TABLES VALUES('db_custom_stats',NULL,'')
COMMIT
ALTER TABLE db_custom_stats RENAME TO main_parameters 
DELETE FROM AL_TABLES WHERE TABLE_NAME='db_custom_stats'
INSERT INTO AL_TABLES VALUES('main_parameters',NULL,'')
COMMIT
ALTER TABLE main_parameters RENAME TO db_custom_stats 
DELETE FROM AL_TABLES WHERE TABLE_NAME='main_parameters'
INSERT INTO AL_TABLES VALUES('db_custom_stats',NULL,'')
COMMIT
ALTER TABLE db_custom_stats ALTER COLUMN db_column RENAME TO main_parameters 
ALTER TABLE db_custom_stats ALTER COLUMN main_parameters SET LONGVARCHAR 
ALTER TABLE db_custom_stats ALTER COLUMN main_parameters SET LONGVARCHAR 
DISCONNECT
/*C4*/SET SCHEMA PUBLIC
ALTER TABLE db_custom_stats ADD COLUMN db_column DOUBLE NULL 
DISCONNECT
/*C5*/SET SCHEMA PUBLIC
ALTER TABLE db_custom_stats ADD COLUMN db_column1 DOUBLE NULL 
DISCONNECT
/*C6*/SET SCHEMA PUBLIC
ALTER TABLE db_custom_stats ALTER COLUMN db_column1 RENAME TO color 
ALTER TABLE db_custom_stats ALTER COLUMN color SET LONGVARCHAR 
ALTER TABLE db_custom_stats ALTER COLUMN color SET LONGVARCHAR 
DISCONNECT
/*C7*/SET SCHEMA PUBLIC
ALTER TABLE db_custom_stats ADD COLUMN db_column1 DOUBLE NULL 
DISCONNECT
/*C8*/SET SCHEMA PUBLIC
ALTER TABLE db_custom_stats ALTER COLUMN db_column1 RENAME TO block_size 
ALTER TABLE db_custom_stats ALTER COLUMN block_size SET LONGVARCHAR 
ALTER TABLE db_custom_stats ALTER COLUMN block_size SET INTEGER 
DISCONNECT
/*C9*/SET SCHEMA PUBLIC
ALTER TABLE db_custom_stats ALTER COLUMN block_size SET LONGVARCHAR 
ALTER TABLE db_custom_stats ALTER COLUMN block_size SET VARCHAR(255) 
INSERT INTO AL_CUSTOM_TYPE VALUES('db_custom_stats','block_size','OPTIONS_LIST','ColorOption')
COMMIT
DISCONNECT
/*C10*/SET SCHEMA PUBLIC
ALTER TABLE db_custom_stats ALTER COLUMN block_size SET LONGVARCHAR 
DELETE FROM AL_CUSTOM_TYPE WHERE TABLE_NAME='db_custom_stats' AND COLUMN_NAME='block_size' AND TYPE='OPTIONS_LIST' AND NAME='ColorOption'
COMMIT
ALTER TABLE db_custom_stats ALTER COLUMN block_size SET INTEGER 
DISCONNECT
/*C11*/SET SCHEMA PUBLIC
ALTER TABLE db_custom_stats ALTER COLUMN block_size SET LONGVARCHAR 
ALTER TABLE db_custom_stats ALTER COLUMN block_size SET VARCHAR(255) 
INSERT INTO AL_CUSTOM_TYPE VALUES('db_custom_stats','block_size','OPTIONS_LIST','ColorOption')
COMMIT
DISCONNECT
/*C12*/SET SCHEMA PUBLIC
ALTER TABLE db_custom_stats ALTER COLUMN block_size SET LONGVARCHAR 
DELETE FROM AL_CUSTOM_TYPE WHERE TABLE_NAME='db_custom_stats' AND COLUMN_NAME='block_size' AND TYPE='OPTIONS_LIST' AND NAME='ColorOption'
COMMIT
ALTER TABLE db_custom_stats ALTER COLUMN block_size SET INTEGER 
DISCONNECT
/*C13*/SET SCHEMA PUBLIC
ALTER TABLE db_custom_stats ADD COLUMN db_column1 DOUBLE NULL 
DISCONNECT
/*C14*/SET SCHEMA PUBLIC
ALTER TABLE db_custom_stats ADD COLUMN db_column2 DOUBLE NULL 
DISCONNECT
/*C15*/SET SCHEMA PUBLIC
ALTER TABLE db_custom_stats ALTER COLUMN db_column1 RENAME TO current_mean_block_size 
ALTER TABLE db_custom_stats ADD COLUMN db_column1 DOUBLE NULL 
DISCONNECT
/*C16*/SET SCHEMA PUBLIC
ALTER TABLE db_custom_stats ALTER COLUMN db_column2 RENAME TO current_mean_confidence_block_size 
ALTER TABLE db_custom_stats ALTER COLUMN db_column1 RENAME TO current_deviation_block_size 
ALTER TABLE db_custom_stats ALTER COLUMN db_column RENAME TO model_timestamp 
DISCONNECT
